

--- Syntax items ---
vimTodo        xxx contained COMBAK XXX FIXME TODO
                   links to Todo
vimCommand     xxx contained scriptencoding diffge
                   nextgroup=@vimMenuList  skipwhite vunmenu
                   contained menutranslate diffpatch buffers digra bNe lgetbuff abc lmak abo languag delfu lmake
                   nextgroup=@vimMenuList  skipwhite ounmen
                   contained optio a ptprevi c d e f g h i breakde k l m n o p q tprevi t u v w x redrawstatus edi
                   contained packl imapc clos tablast fold cgetex xunmenu prin diffupdat unlockva ptse delcomma abov
                   contained bdelet messages match cmapclear mzfi delc dele delf iabcle dell psearc iunab delp chang
                   contained cgetfi cpre unsilent argument cgetbu rvimi cNfile language packload snoma spellre keeppat
                   contained lockm lockv folddocl botr confir asci abclear mark redraws foldc foldd mzschem tabfin
                   contained foldo iabclear abovelef qall delfun dsplit exusa sgc cmapcl tpr tabrewind ptprevious
                   contained chist lgetexpr cunab filetype tmapclea sge sNe menutranslat la lfirs join und unh unl mke
                   contained undolis mks mkv
                   nextgroup=@vimMenuList  skipwhite anoreme
                   contained bnext mksp pydo oldfiles lclos tunmap qal tabpre lhistory dju mzsch iju b lmapc ptre nbst
                   contained blas unabbreviat mkspel spellun crewind j tunm luado clearjumps unabbrev omapcl packa
                   contained ptNext swapna r cbuffer upd nbstart lhelpgre
                   nextgroup=@vimMenuList  skipwhite omenu
                   contained botrig keepjump y nbstar swa doau first
                   nextgroup=@vimMenuList  skipwhite nnoreme
                   contained helpclos profde hardcopy pyfi tabprev vimgrepadd endwhil cgetbuffer cfirst delma ili
                   contained brewin psearch setloca sort xwininfo lbott lan disp iunabbr abovele scriptname spellwr
                   contained argdelete diffof open stselec ladd quitall updat
                   nextgroup=@vimMenuList  skipwhite cunmenu
                   contained startrepla tsele
                   nextgroup=@vimMenuList  skipwhite cmenu
                   contained lvimgrepa display help tpre lockmark oldf langua sNext stag left helpclose sbnext star
                   contained mod breakli spell diffpa dl mov sIc ptlast sIe sIg sunhi sIl diffpu caddbuf sIp sIr
                   contained sblast cqu tunmen tjump lockmar setfile hardc iabclea tabclose nohl setglo eme lne color
                   contained sunhid ptprev redraw omapc brewi lockma caddbuff debuggr sour
                   nextgroup=@vimMenuList  skipwhite vme
                   contained all clist cgetexp sfirst scriptna debuggree sbne tprevio profdel number end ene noautocmd
                   nextgroup=@vimMenuList  skipwhite noremen
                   contained cNext lwindo bpreviou lpreviou spellr helpfin startrep lgetbuffer funct slast spellu
                   contained scscope mksession earlier noh setfilet thro scriptnames djump stsele slas scri foldclos
                   contained lhelpg diffsp scripten nor profil belowrigh ispl visual tabNe lopen verbos
                   nextgroup=@vimMenuList  skipwhite vnoremen
                   contained wNe mz lhelp bdel lolde pedi tfirs history botrigh diffth tmap rewind stjump stopinser
                   contained ope pack hardcop winsiz catch register vspli sbrewi diffthis las hist colorschem unab
                   contained caddbu sunme diffup delcomm spel cre lrewi ise cadd change isp quital menutrans cwind
                   contained vertical delm continu ver option pyfil crew endwh ch psear
                   nextgroup=@vimMenuList  skipwhite onoremenu
                   contained cNfil packloadall cmapcle exusag sbuff sbf cgetfil lefta nbc argu slee nbk stopins nbs
                   contained scripte hard wsve viusag tabedi tear sargumen spellwro redr numbe arg bfir laddexp
                   contained ptselect ab mzsche cuna
                   nextgroup=@vimMenuList  skipwhite noreme
                   contained stopinse al
                   nextgroup=@vimMenuList  skipwhite am
                   nextgroup=@vimMenuList  skipwhite an
                   contained undojoin ar as au suspend checkp tmen ijum caddex keepa rea sargu rec red rv reg keepj
                   contained sprev keepm lgetfile keepp foldclo res ret rew shel bN asc srewind hardco ba cunabbr bd
                   contained bf bl bm bn bo bp bwipeou sbmodif bu bw stju comcl dr winsize caddfi keeppatter bdele
                   contained startgrepla snoreme yank lang lhist sbuffer promptfin spellwrong startrepl tearoff tabN
contained cN
Type  :qa!  and press <Enter> to abandon all changes and exit Vim

"starting.txt" 
"starting.txt" [readonly] 1691L, 73592C
"options.txt" 
"options.txt" [readonly] 9273L, 392070C

SpecialKey     xxx term=bold cterm=bold ctermfg=4 guifg=Cyan
	Last set from /usr/share/vim/vim81/colors/torte.vim line 8
EndOfBuffer    xxx links to NonText
	Last set from /usr/share/vim/vim81/colors/torte.vim line 8
NonText        xxx term=bold cterm=bold ctermfg=4 gui=bold guifg=Blue
	Last set from /usr/share/vim/vim81/colors/torte.vim line 8
Directory      xxx term=bold cterm=bold ctermfg=6 guifg=Cyan
	Last set from /usr/share/vim/vim81/colors/torte.vim line 8
ErrorMsg       xxx term=standout cterm=bold ctermfg=7 ctermbg=1 guifg=White guibg=Red
	Last set from /usr/share/vim/vim81/colors/torte.vim line 8
IncSearch      xxx term=reverse cterm=reverse gui=reverse
	Last set from /usr/share/vim/vim81/colors/torte.vim line 8
Search         xxx ctermfg=1 ctermbg=7 gui=underline guisp=red
	Last set from ~/.vimrc line 637
MoreMsg        xxx term=bold cterm=bold ctermfg=2 gui=bold guifg=SeaGreen
	Last set from /usr/share/vim/vim81/colors/torte.vim line 8
ModeMsg        xxx term=bold cterm=bold gui=bold
	Last set from /usr/share/vim/vim81/colors/torte.vim line 8
LineNr         xxx term=underline cterm=bold ctermfg=3 guifg=Yellow
	Last set from /usr/share/vim/vim81/colors/torte.vim line 8
CursorLineNr   xxx term=bold cterm=bold ctermfg=3 gui=bold guifg=Yellow
	Last set from /usr/share/vim/vim81/colors/torte.vim line 8
Question       xxx term=standout cterm=bold ctermfg=2 gui=bold guifg=Green
	Last set from /usr/share/vim/vim81/colors/torte.vim line 8
StatusLine     xxx term=bold,reverse cterm=bold,reverse ctermfg=4 ctermbg=7 gui=bold,reverse guifg=blue guibg=white
	Last set from /usr/share/vim/vim81/colors/torte.vim line 36
StatusLineNC   xxx term=reverse cterm=reverse gui=reverse
	Last set from /usr/share/vim/vim81/colors/torte.vim line 8
VertSplit      xxx term=reverse cterm=reverse gui=reverse
	Last set from /usr/share/vim/vim81/colors/torte.vim line 8
Title          xxx term=bold cterm=bold ctermfg=5 gui=bold guifg=Magenta
	Last set from /usr/share/vim/vim81/colors/torte.vim line 8
Visual         xxx term=reverse cterm=reverse gui=bold guifg=#404040 guibg=DarkGrey
	Last set from /usr/share/vim/vim81/colors/torte.vim line 32
VisualNOS      xxx term=bold,underline cterm=bold,underline gui=bold,underline
	Last set from /usr/share/vim/vim81/colors/torte.vim line 8
WarningMsg     xxx term=standout cterm=bold ctermfg=1 guifg=Red
	Last set from /usr/share/vim/vim81/colors/torte.vim line 8
WildMenu       xxx term=standout ctermfg=0 ctermbg=3 guifg=Black guibg=Yellow
	Last set from /usr/share/vim/vim81/colors/torte.vim line 8
Folded         xxx term=standout cterm=bold ctermfg=6 ctermbg=0 guifg=Cyan guibg=DarkGrey
	Last set from /usr/share/vim/vim81/colors/torte.vim line 8
FoldColumn     xxx term=standout cterm=bold ctermfg=6 ctermbg=0 guifg=Cyan guibg=Grey
	Last set from /usr/share/vim/vim81/colors/torte.vim line 8
DiffAdd        xxx term=bold ctermbg=4 guibg=DarkBlue
	Last set from /usr/share/vim/vim81/colors/torte.vim line 8
DiffChange     xxx term=bold ctermbg=5 guibg=DarkMagenta
	Last set from /usr/share/vim/vim81/colors/torte.vim line 8
DiffDelete     xxx term=bold cterm=bold ctermfg=4 ctermbg=6 gui=bold guifg=Blue guibg=DarkCyan
	Last set from /usr/share/vim/vim81/colors/torte.vim line 8
DiffText       xxx term=reverse cterm=bold ctermbg=1 gui=bold guibg=Red
	Last set from /usr/share/vim/vim81/colors/torte.vim line 8
SignColumn     xxx term=standout cterm=bold ctermfg=6 ctermbg=0 guifg=Cyan guibg=Grey
	Last set from /usr/share/vim/vim81/colors/torte.vim line 8
Conceal        xxx ctermfg=7 ctermbg=0 guifg=LightGrey guibg=DarkGrey
	Last set from /usr/share/vim/vim81/colors/torte.vim line 8
"starting.txt" 
"starting.txt" [readonly] 1691L, 73592C-- VISUAL --

E14: Invalid address

"test.vim" 
"test.vim" 9L, 116C written